
> @trading-bot/arbitrage-bot@1.0.0 build C:\Users\User1\Downloads\TradingBot\apps\bots\arbitrage
> tsc

src/index.ts(350,7): error TS2375: Type '{ bloxroute: string | undefined; flashbots: string | undefined; coinGecko: string | undefined; dexScreener: string | undefined; oneInch: string | undefined; moralis: string | undefined; }' is not assignable to type '{ pythNetwork?: string; bloxroute?: string; flashbots?: string; coinGecko?: string; dexScreener?: string; oneInch?: string; moralis?: string; }' with 'exactOptionalPropertyTypes: true'. Consider adding 'undefined' to the types of the target's properties.
  Types of property 'bloxroute' are incompatible.
    Type 'string | undefined' is not assignable to type 'string'.
      Type 'undefined' is not assignable to type 'string'.
src/index.ts(470,11): error TS2375: Type '{ routes: (OpportunityMetrics | undefined)[]; profitEstimate: number; gasEstimate: number; confidence: number; timestamp: number; bridgeRequired: boolean | undefined; bridgeRoute: string | undefined; bridgeCost: number | undefined; bridgeTime: number | undefined; }' is not assignable to type 'RouteOpportunity' with 'exactOptionalPropertyTypes: true'. Consider adding 'undefined' to the types of the target's properties.
  Types of property 'bridgeRequired' are incompatible.
    Type 'boolean | undefined' is not assignable to type 'boolean'.
      Type 'undefined' is not assignable to type 'boolean'.
src/index.ts(472,23): error TS18048: 'bestOpportunity' is possibly 'undefined'.
src/index.ts(473,31): error TS18048: 'bestOpportunity' is possibly 'undefined'.
src/index.ts(474,19): error TS18048: 'bestOpportunity' is possibly 'undefined'.
src/index.ts(476,23): error TS18048: 'bestOpportunity' is possibly 'undefined'.
src/index.ts(477,20): error TS18048: 'bestOpportunity' is possibly 'undefined'.
src/index.ts(478,19): error TS18048: 'bestOpportunity' is possibly 'undefined'.
src/index.ts(479,19): error TS18048: 'bestOpportunity' is possibly 'undefined'.
src/index.ts(490,9): error TS18048: 'bestOpportunity' is possibly 'undefined'.
src/index.ts(694,7): error TS2554: Expected 2 arguments, but got 3.
src/index.ts(716,40): error TS2339: Property 'sendTransaction' does not exist on type 'Promise<EnhancedChainClient>'.
src/index.ts(743,7): error TS2554: Expected 2 arguments, but got 3.
src/index.ts(756,40): error TS2339: Property 'sendTransaction' does not exist on type 'Promise<EnhancedChainClient>'.
src/index.ts(760,41): error TS2339: Property 'provider' does not exist on type 'Promise<EnhancedChainClient>'.
src/index.ts(798,34): error TS2339: Property 'stop' does not exist on type 'EnhancedChainClient'.
src/opportunity-detector.ts(103,27): error TS2554: Expected 3 arguments, but got 1.
 ELIFECYCLE  Command failed with exit code 2.
