
> @trading-bot/crypto@0.0.0 build C:\Users\User1\Downloads\TradingBot\packages\crypto
> tsup

[34mCLI[39m Building entry: index.ts
[34mCLI[39m Using tsconfig: tsconfig.json
[34mCLI[39m tsup v8.5.0
[34mCLI[39m Using tsup config: C:\Users\User1\Downloads\TradingBot\packages\crypto\tsup.config.ts
[34mCLI[39m Target: es2022
[34mCLI[39m Cleaning output folder
[34mCJS[39m Build start
[34mESM[39m Build start
[32mCJS[39m [1mdist\index.js     [22m[32m22.55 KB[39m
[32mCJS[39m [1mdist\index.js.map [22m[32m58.41 KB[39m
[32mCJS[39m ⚡️ Build success in 477ms
[32mESM[39m [1mdist\index.mjs     [22m[32m20.96 KB[39m
[32mESM[39m [1mdist\index.mjs.map [22m[32m58.37 KB[39m
[32mESM[39m ⚡️ Build success in 480ms
[34mDTS[39m Build start
[32mDTS[39m ⚡️ Build success in 3023ms
[32mDTS[39m [1mdist\index.d.ts  [22m[32m10.88 KB[39m
[32mDTS[39m [1mdist\index.d.mts [22m[32m10.88 KB[39m
