
> @trading-bot/risk-management@1.0.0 build /workspace/packages/risk-management
> tsup

CLI Building entry: src/index.ts
CLI Using tsconfig: tsconfig.json
CLI tsup v8.0.2
CLI Using tsup config: /workspace/packages/risk-management/tsup.config.ts
CLI Target: es2022
CLI Cleaning output folder
CJS Build start
ESM Build start
CJS dist/index.js     41.61 KB
CJS dist/index.js.map 82.91 KB
CJS ⚡️ Build success in 186ms
ESM dist/index.mjs     40.85 KB
ESM dist/index.mjs.map 82.91 KB
ESM ⚡️ Build success in 185ms
DTS Build start
DTS ⚡️ Build success in 842ms
DTS dist/index.d.ts  12.44 KB
DTS dist/index.d.mts 12.44 KB
